<?xml version="1.0" encoding="UTF-8"?>
<testng-results ignored="0" total="0" passed="0" failed="0" skipped="0">
  <reporter-output>
  </reporter-output>
  <suite started-at="2023-01-25T22:02:54 IST" name="Default suite" finished-at="2023-01-25T22:02:55 IST" duration-ms="602">
    <groups>
      <group name="cucumber">
        <method signature="AbstractTestNGCucumberTests.runScenario(io.cucumber.testng.PickleWrapper,io.cucumber.testng.FeatureWrapper)[pri:0, instance:Runner.Testfbrunner@34123d65]" name="runScenario" class="io.cucumber.testng.AbstractTestNGCucumberTests"/>
      </group> <!-- cucumber -->
    </groups>
    <test started-at="2023-01-25T22:02:54 IST" name="Default test" finished-at="2023-01-25T22:02:55 IST" duration-ms="602">
      <class name="Runner.Testfbrunner">
        <test-method is-config="true" signature="setUpClass(org.testng.ITestContext)[pri:0, instance:Runner.Testfbrunner@34123d65]" started-at="2023-01-25T22:02:54 IST" name="setUpClass" finished-at="2023-01-25T22:02:55 IST" duration-ms="512" status="PASS">
          <params>
            <param index="0">
              <value>
                <![CDATA[org.testng.TestRunner@29a5f4e7]]>
              </value>
            </param>
          </params>
          <reporter-output>
          </reporter-output>
        </test-method> <!-- setUpClass -->
        <test-method is-config="true" signature="tearDownClass()[pri:0, instance:Runner.Testfbrunner@34123d65]" started-at="2023-01-25T22:02:55 IST" name="tearDownClass" finished-at="2023-01-25T22:02:55 IST" duration-ms="32" status="PASS">
          <reporter-output>
          </reporter-output>
        </test-method> <!-- tearDownClass -->
      </class> <!-- Runner.Testfbrunner -->
    </test> <!-- Default test -->
  </suite> <!-- Default suite -->
</testng-results>
